Using pre-set license
Built from '2021.3/staging' branch; Version is '2021.3.1f1 (3b70a0754835) revision 3895456'; Using compiler version '192829333'; Build Type 'Release'
OS: 'Windows 10  (10.0.19044) 64bit Professional' Language: 'ja' Physical Memory: 16229 MB
BatchMode: 1, IsHumanControllingUs: 0, StartBugReporterOnCrash: 0, Is64bit: 1, IsPro: 1

COMMAND LINE ARGUMENTS:
C:\Program Files\Unity\Hub\Editor\2021.3.1f1\Editor\Unity.exe
-adb2
-batchMode
-noUpm
-name
AssetImportWorker2
-projectPath
C:/Users/road-/Desktop/Game/414Game
-logFile
Logs/AssetImportWorker2.log
-srvPort
58444
Successfully changed project path to: C:/Users/road-/Desktop/Game/414Game
C:/Users/road-/Desktop/Game/414Game
[UnityMemory] Configuration Parameters - Can be set up in boot.config
    "memorysetup-bucket-allocator-granularity=16"
    "memorysetup-bucket-allocator-bucket-count=8"
    "memorysetup-bucket-allocator-block-size=33554432"
    "memorysetup-bucket-allocator-block-count=8"
    "memorysetup-main-allocator-block-size=16777216"
    "memorysetup-thread-allocator-block-size=16777216"
    "memorysetup-gfx-main-allocator-block-size=16777216"
    "memorysetup-gfx-thread-allocator-block-size=16777216"
    "memorysetup-cache-allocator-block-size=4194304"
    "memorysetup-typetree-allocator-block-size=2097152"
    "memorysetup-profiler-bucket-allocator-granularity=16"
    "memorysetup-profiler-bucket-allocator-bucket-count=8"
    "memorysetup-profiler-bucket-allocator-block-size=33554432"
    "memorysetup-profiler-bucket-allocator-block-count=8"
    "memorysetup-profiler-allocator-block-size=16777216"
    "memorysetup-profiler-editor-allocator-block-size=1048576"
    "memorysetup-temp-allocator-size-main=16777216"
    "memorysetup-job-temp-allocator-block-size=2097152"
    "memorysetup-job-temp-allocator-block-size-background=1048576"
    "memorysetup-job-temp-allocator-reduction-small-platforms=262144"
    "memorysetup-temp-allocator-size-background-worker=32768"
    "memorysetup-temp-allocator-size-job-worker=262144"
    "memorysetup-temp-allocator-size-preload-manager=33554432"
    "memorysetup-temp-allocator-size-nav-mesh-worker=65536"
    "memorysetup-temp-allocator-size-audio-worker=65536"
    "memorysetup-temp-allocator-size-cloud-worker=32768"
    "memorysetup-temp-allocator-size-gi-baking-worker=262144"
    "memorysetup-temp-allocator-size-gfx=262144"
Refreshing native plugins compatible for Editor in 86.05 ms, found 3 plugins.
Preloading 0 native plugins for Editor in 0.00 ms.
Initialize engine version: 2021.3.1f1 (3b70a0754835)
[Subsystems] Discovering subsystems at path C:/Program Files/Unity/Hub/Editor/2021.3.1f1/Editor/Data/Resources/UnitySubsystems
[Subsystems] Discovering subsystems at path C:/Users/road-/Desktop/Game/414Game/Assets
GfxDevice: creating device client; threaded=0; jobified=0
Direct3D:
    Version:  Direct3D 11.0 [level 11.1]
    Renderer: NVIDIA GeForce GTX 1650 with Max-Q Design (ID=0x1f91)
    Vendor:   NVIDIA
    VRAM:     3962 MB
    Driver:   25.21.14.1788
Initialize mono
Mono path[0] = 'C:/Program Files/Unity/Hub/Editor/2021.3.1f1/Editor/Data/Managed'
Mono path[1] = 'C:/Program Files/Unity/Hub/Editor/2021.3.1f1/Editor/Data/MonoBleedingEdge/lib/mono/unityjit-win32'
Mono config path = 'C:/Program Files/Unity/Hub/Editor/2021.3.1f1/Editor/Data/MonoBleedingEdge/etc'
Using monoOptions --debugger-agent=transport=dt_socket,embedding=1,server=y,suspend=n,address=127.0.0.1:56896
Begin MonoManager ReloadAssembly
Registering precompiled unity dll's ...
Register platform support module: C:/Program Files/Unity/Hub/Editor/2021.3.1f1/Editor/Data/PlaybackEngines/WindowsStandaloneSupport/UnityEditor.WindowsStandalone.Extensions.dll
Registered in 0.007069 seconds.
Native extension for WindowsStandalone target not found
Refreshing native plugins compatible for Editor in 85.10 ms, found 3 plugins.
Preloading 0 native plugins for Editor in 0.00 ms.
Mono: successfully reloaded assembly
- Completed reload, in  0.601 seconds
Domain Reload Profiling:
	ReloadAssembly (602ms)
		BeginReloadAssembly (65ms)
			ExecutionOrderSort (0ms)
			DisableScriptedObjects (0ms)
			BackupInstance (0ms)
			ReleaseScriptingObjects (0ms)
			CreateAndSetChildDomain (1ms)
		EndReloadAssembly (430ms)
			LoadAssemblies (63ms)
			RebuildTransferFunctionScriptingTraits (0ms)
			SetupTypeCache (101ms)
			ReleaseScriptCaches (0ms)
			RebuildScriptCaches (25ms)
			SetupLoadedEditorAssemblies (258ms)
				LogAssemblyErrors (0ms)
				InitializePlatformSupportModulesInManaged (7ms)
				SetLoadedEditorAssemblies (0ms)
				RefreshPlugins (85ms)
				BeforeProcessingInitializeOnLoad (1ms)
				ProcessInitializeOnLoadAttributes (123ms)
				ProcessInitializeOnLoadMethodAttributes (42ms)
				AfterProcessingInitializeOnLoad (0ms)
				EditorAssembliesLoaded (0ms)
			ExecutionOrderSort2 (0ms)
			AwakeInstancesAfterBackupRestoration (0ms)
Platform modules already initialized, skipping
Registering precompiled user dll's ...
Registered in 0.006475 seconds.
Begin MonoManager ReloadAssembly
Symbol file LoadedFromMemory doesn't match image C:\Users\road-\Desktop\Game\414Game\Library\PackageCache\com.unity.visualscripting@1.7.6\Editor\VisualScripting.Core\Dependencies\YamlDotNet\Unity.VisualScripting.YamlDotNet.dll
Symbol file LoadedFromMemory is not a mono symbol file
Symbol file LoadedFromMemory doesn't match image C:\Users\road-\Desktop\Game\414Game\Library\PackageCache\com.unity.visualscripting@1.7.6\Editor\VisualScripting.Core\Dependencies\DotNetZip\Unity.VisualScripting.IonicZip.dll
Native extension for WindowsStandalone target not found
Refreshing native plugins compatible for Editor in 85.28 ms, found 3 plugins.
Preloading 0 native plugins for Editor in 0.00 ms.
Mono: successfully reloaded assembly
- Completed reload, in  1.071 seconds
Domain Reload Profiling:
	ReloadAssembly (1072ms)
		BeginReloadAssembly (98ms)
			ExecutionOrderSort (0ms)
			DisableScriptedObjects (5ms)
			BackupInstance (0ms)
			ReleaseScriptingObjects (0ms)
			CreateAndSetChildDomain (18ms)
		EndReloadAssembly (865ms)
			LoadAssemblies (81ms)
			RebuildTransferFunctionScriptingTraits (0ms)
			SetupTypeCache (230ms)
			ReleaseScriptCaches (1ms)
			RebuildScriptCaches (51ms)
			SetupLoadedEditorAssemblies (460ms)
				LogAssemblyErrors (0ms)
				InitializePlatformSupportModulesInManaged (4ms)
				SetLoadedEditorAssemblies (0ms)
				RefreshPlugins (85ms)
				BeforeProcessingInitializeOnLoad (90ms)
				ProcessInitializeOnLoadAttributes (199ms)
				ProcessInitializeOnLoadMethodAttributes (73ms)
				AfterProcessingInitializeOnLoad (8ms)
				EditorAssembliesLoaded (0ms)
			ExecutionOrderSort2 (0ms)
			AwakeInstancesAfterBackupRestoration (6ms)
Platform modules already initialized, skipping
========================================================================
Worker process is ready to serve import requests
Launched and connected shader compiler UnityShaderCompiler.exe after 0.03 seconds
Refreshing native plugins compatible for Editor in 0.72 ms, found 3 plugins.
Preloading 0 native plugins for Editor in 0.00 ms.
Unloading 4886 Unused Serialized files (Serialized files now loaded: 0)
Unloading 30 unused Assets / (0.7 MB). Loaded Objects now: 5340.
Memory consumption went from 197.4 MB to 196.7 MB.
Total: 3.606400 ms (FindLiveObjects: 0.351100 ms CreateObjectMapping: 0.297900 ms MarkObjects: 2.703100 ms  DeleteObjects: 0.253600 ms)

AssetImportParameters requested are different than current active one (requested -> active):
  custom:video-decoder-ogg-theora: a1e56fd34408186e4bbccfd4996cb3dc -> 
  custom:container-muxer-webm: aa71ff27fc2769a1b78a27578f13a17b -> 
  custom:container-demuxer-webm: 4f35f7cbe854078d1ac9338744f61a02 -> 
  custom:video-encoder-webm-vp8: eb34c28f22e8b96e1ab97ce403110664 -> 
  custom:audio-encoder-webm-vorbis: bf7c407c2cedff20999df2af8eb42d56 -> 
  custom:framework-win-MediaFoundation: 216162199b28c13a410421893ffa2e32 -> 
  custom:container-demuxer-ogg: 62fdf1f143b41e24485cea50d1cbac27 -> 
  custom:video-decoder-webm-vp8: 9c59270c3fd7afecdb556c50c9e8de78 -> 
  custom:audio-decoder-ogg-vorbis: bf7c407c2cedff20999df2af8eb42d56 -> 
========================================================================
Received Import Request.
  Time since last request: 157308.784246 seconds.
  path: Assets
  artifactKey: Guid(00000000000000001000000000000000) Importer(815301076,1909f56bfc062723c751e8b465ee728b)
Start importing Assets using Guid(00000000000000001000000000000000) Importer(815301076,1909f56bfc062723c751e8b465ee728b)  -> (artifact id: '79842766b460edbeab6a34051e857a80') in 0.013883 seconds 
========================================================================
Received Import Request.
  Time since last request: 25.110686 seconds.
  path: Assets/Personal
  artifactKey: Guid(09066bc9aee85ca4ab1ef27003ae68b0) Importer(815301076,1909f56bfc062723c751e8b465ee728b)
Start importing Assets/Personal using Guid(09066bc9aee85ca4ab1ef27003ae68b0) Importer(815301076,1909f56bfc062723c751e8b465ee728b)  -> (artifact id: '6bdec6318279c93bef70966db4cd9620') in 0.007500 seconds 
========================================================================
Received Import Request.
  Time since last request: 6.763140 seconds.
  path: Assets/Personal/Ihara
  artifactKey: Guid(998a58e0efede9247a138bffaa596001) Importer(815301076,1909f56bfc062723c751e8b465ee728b)
Start importing Assets/Personal/Ihara using Guid(998a58e0efede9247a138bffaa596001) Importer(815301076,1909f56bfc062723c751e8b465ee728b)  -> (artifact id: '4cad1789840b11bd687cbdf0657fcdf2') in 0.007100 seconds 
========================================================================
Received Import Request.
  Time since last request: 14.384022 seconds.
  path: Assets/Personal/Ihara/Scenes
  artifactKey: Guid(d761a6f86763f764aad85fd6fa2d8c44) Importer(815301076,1909f56bfc062723c751e8b465ee728b)
Start importing Assets/Personal/Ihara/Scenes using Guid(d761a6f86763f764aad85fd6fa2d8c44) Importer(815301076,1909f56bfc062723c751e8b465ee728b)  -> (artifact id: 'b192029cab9ce434e65ee7ccff44cabe') in 0.007190 seconds 
========================================================================
Received Import Request.
  Time since last request: 48.000918 seconds.
  path: Assets/Personal/Ihara/Scenes/protoScene.unity
  artifactKey: Guid(467cada536abcf74d9c041e3903b2bd4) Importer(815301076,1909f56bfc062723c751e8b465ee728b)
Start importing Assets/Personal/Ihara/Scenes/protoScene.unity using Guid(467cada536abcf74d9c041e3903b2bd4) Importer(815301076,1909f56bfc062723c751e8b465ee728b)  -> (artifact id: '2889129599a43a861fd7adae67c28039') in 0.007389 seconds 
========================================================================
Received Import Request.
  Time since last request: 67.276603 seconds.
  path: Assets/Personal/Ihara/Scene
  artifactKey: Guid(f1ee9ab0f3e2d484ebc61d09e7c9fba7) Importer(815301076,1909f56bfc062723c751e8b465ee728b)
Start importing Assets/Personal/Ihara/Scene using Guid(f1ee9ab0f3e2d484ebc61d09e7c9fba7) Importer(815301076,1909f56bfc062723c751e8b465ee728b)  -> (artifact id: 'dbbdbaca4cd696bbab2c8512973ec052') in 0.008761 seconds 
========================================================================
Received Import Request.
  Time since last request: 5.984126 seconds.
  path: Assets/Personal/Ihara/Scene/New Folder
  artifactKey: Guid(58d476366b732e542bc6d422024e21f5) Importer(815301076,1909f56bfc062723c751e8b465ee728b)
Start importing Assets/Personal/Ihara/Scene/New Folder using Guid(58d476366b732e542bc6d422024e21f5) Importer(815301076,1909f56bfc062723c751e8b465ee728b)  -> (artifact id: '9f089b96c627b89f70d76bfb262f4ae5') in 0.006858 seconds 
========================================================================
Received Import Request.
  Time since last request: 13.762271 seconds.
  path: Assets/Personal/Ihara/Scene/ProtoIhara.unity
  artifactKey: Guid(20b1e8e6102b6244b81db66a1fc2b184) Importer(815301076,1909f56bfc062723c751e8b465ee728b)
Start importing Assets/Personal/Ihara/Scene/ProtoIhara.unity using Guid(20b1e8e6102b6244b81db66a1fc2b184) Importer(815301076,1909f56bfc062723c751e8b465ee728b)  -> (artifact id: '56a7de9ec5cf04c004dc96cb09108419') in 0.006160 seconds 
